app/build/intermediates/manifest_merge_blame_file/debug/manifest-merger-blame-debug-report.txt
1<?xml version="1.0" encoding="utf-8"?>
2<manifest xmlns:android="http://schemas.android.com/apk/res/android"
3    package="com.ninja.assistant"
4    android:versionCode="1"
5    android:versionName="1.0" >
6
7    <uses-sdk
8        android:minSdkVersion="26"
9        android:targetSdkVersion="34" />
10
11    <uses-permission android:name="android.permission.INTERNET" />
11-->src/main/AndroidManifest.xml:4:5-66
11-->src/main/AndroidManifest.xml:4:22-64
12    <uses-permission android:name="android.permission.RECORD_AUDIO" />
12-->src/main/AndroidManifest.xml:5:5-70
12-->src/main/AndroidManifest.xml:5:22-68
13    <uses-permission android:name="android.permission.BIND_ACCESSIBILITY_SERVICE" />
13-->src/main/AndroidManifest.xml:6:5-84
13-->src/main/AndroidManifest.xml:6:22-82
14    <uses-permission android:name="android.permission.SYSTEM_ALERT_WINDOW" />
14-->src/main/AndroidManifest.xml:7:5-77
14-->src/main/AndroidManifest.xml:7:22-75
15    <uses-permission android:name="android.permission.FOREGROUND_SERVICE" />
15-->src/main/AndroidManifest.xml:8:5-76
15-->src/main/AndroidManifest.xml:8:22-74
16
17    <permission
17-->[androidx.core:core:1.12.0] AndroidManifest.xml:22:5-24:47
18        android:name="com.ninja.assistant.DYNAMIC_RECEIVER_NOT_EXPORTED_PERMISSION"
18-->[androidx.core:core:1.12.0] AndroidManifest.xml:23:9-81
19        android:protectionLevel="signature" />
19-->[androidx.core:core:1.12.0] AndroidManifest.xml:24:9-44
20
21    <uses-permission android:name="com.ninja.assistant.DYNAMIC_RECEIVER_NOT_EXPORTED_PERMISSION" />
21-->[androidx.core:core:1.12.0] AndroidManifest.xml:26:5-97
21-->[androidx.core:core:1.12.0] AndroidManifest.xml:26:22-94
22
23    <application
23-->src/main/AndroidManifest.xml:9:5-33:19
24        android:allowBackup="true"
24-->src/main/AndroidManifest.xml:10:9-35
25        android:appComponentFactory="androidx.core.app.CoreComponentFactory"
25-->[androidx.core:core:1.12.0] AndroidManifest.xml:28:18-86
26        android:debuggable="true"
27        android:extractNativeLibs="false"
28        android:label="NINJA"
28-->src/main/AndroidManifest.xml:13:9-30
29        android:networkSecurityConfig="@xml/network_security_config"
29-->src/main/AndroidManifest.xml:12:9-69
30        android:theme="@style/AppTheme"
30-->src/main/AndroidManifest.xml:14:9-40
31        android:usesCleartextTraffic="true" >
31-->src/main/AndroidManifest.xml:11:9-44
32        <activity
32-->src/main/AndroidManifest.xml:15:9-21:20
33            android:name="com.ninja.assistant.MainActivity"
33-->src/main/AndroidManifest.xml:15:19-47
34            android:exported="true" >
34-->src/main/AndroidManifest.xml:16:13-36
35            <intent-filter>
35-->src/main/AndroidManifest.xml:17:13-20:29
36                <action android:name="android.intent.action.MAIN" />
36-->src/main/AndroidManifest.xml:18:17-68
36-->src/main/AndroidManifest.xml:18:25-66
37
38                <category android:name="android.intent.category.LAUNCHER" />
38-->src/main/AndroidManifest.xml:19:17-76
38-->src/main/AndroidManifest.xml:19:27-74
39            </intent-filter>
40        </activity>
41
42        <service
42-->src/main/AndroidManifest.xml:22:9-32:19
43            android:name="com.ninja.assistant.NinjaAccessibilityService"
43-->src/main/AndroidManifest.xml:23:13-54
44            android:exported="true"
44-->src/main/AndroidManifest.xml:25:13-36
45            android:permission="android.permission.BIND_ACCESSIBILITY_SERVICE" >
45-->src/main/AndroidManifest.xml:24:13-79
46            <intent-filter>
46-->src/main/AndroidManifest.xml:26:13-28:29
47                <action android:name="android.accessibilityservice.AccessibilityService" />
47-->src/main/AndroidManifest.xml:27:17-91
47-->src/main/AndroidManifest.xml:27:25-89
48            </intent-filter>
49
50            <meta-data
50-->src/main/AndroidManifest.xml:29:13-31:71
51                android:name="android.accessibilityservice"
51-->src/main/AndroidManifest.xml:30:17-60
52                android:resource="@xml/accessibility_service_config" />
52-->src/main/AndroidManifest.xml:31:17-69
53        </service>
54
55        <provider
55-->[androidx.emoji2:emoji2:1.2.0] AndroidManifest.xml:24:9-32:20
56            android:name="androidx.startup.InitializationProvider"
56-->[androidx.emoji2:emoji2:1.2.0] AndroidManifest.xml:25:13-67
57            android:authorities="com.ninja.assistant.androidx-startup"
57-->[androidx.emoji2:emoji2:1.2.0] AndroidManifest.xml:26:13-68
58            android:exported="false" >
58-->[androidx.emoji2:emoji2:1.2.0] AndroidManifest.xml:27:13-37
59            <meta-data
59-->[androidx.emoji2:emoji2:1.2.0] AndroidManifest.xml:29:13-31:52
60                android:name="androidx.emoji2.text.EmojiCompatInitializer"
60-->[androidx.emoji2:emoji2:1.2.0] AndroidManifest.xml:30:17-75
61                android:value="androidx.startup" />
61-->[androidx.emoji2:emoji2:1.2.0] AndroidManifest.xml:31:17-49
62            <meta-data
62-->[androidx.lifecycle:lifecycle-process:2.4.1] AndroidManifest.xml:31:13-33:52
63                android:name="androidx.lifecycle.ProcessLifecycleInitializer"
63-->[androidx.lifecycle:lifecycle-process:2.4.1] AndroidManifest.xml:32:17-78
64                android:value="androidx.startup" />
64-->[androidx.lifecycle:lifecycle-process:2.4.1] AndroidManifest.xml:33:17-49
65        </provider>
66    </application>
67
68</manifest>